{"C:\\Users\\vishweshkumar\\Desktop\\App\\realworld\\nagp-conduit-clone\\src\\router.js": {"path":"C:\\Users\\vishweshkumar\\Desktop\\App\\realworld\\nagp-conduit-clone\\src\\router.js","statementMap":{"0":{"start":{"line":5,"column":0},"end":{"line":5,"column":16}},"1":{"start":{"line":18,"column":8},"end":{"line":18,"column":67}},"2":{"start":{"line":24,"column":8},"end":{"line":24,"column":73}},"3":{"start":{"line":30,"column":8},"end":{"line":30,"column":73}},"4":{"start":{"line":37,"column":8},"end":{"line":37,"column":79}},"5":{"start":{"line":43,"column":8},"end":{"line":43,"column":83}},"6":{"start":{"line":49,"column":8},"end":{"line":49,"column":71}},"7":{"start":{"line":55,"column":8},"end":{"line":55,"column":77}}},"fnMap":{"0":{"name":"(anonymous_0)","decl":{"start":{"line":17,"column":17},"end":{"line":17,"column":18}},"loc":{"start":{"line":18,"column":8},"end":{"line":18,"column":67}},"line":18},"1":{"name":"(anonymous_1)","decl":{"start":{"line":23,"column":17},"end":{"line":23,"column":18}},"loc":{"start":{"line":24,"column":8},"end":{"line":24,"column":73}},"line":24},"2":{"name":"(anonymous_2)","decl":{"start":{"line":29,"column":17},"end":{"line":29,"column":18}},"loc":{"start":{"line":30,"column":8},"end":{"line":30,"column":73}},"line":30},"3":{"name":"(anonymous_3)","decl":{"start":{"line":36,"column":17},"end":{"line":36,"column":18}},"loc":{"start":{"line":37,"column":8},"end":{"line":37,"column":79}},"line":37},"4":{"name":"(anonymous_4)","decl":{"start":{"line":42,"column":17},"end":{"line":42,"column":18}},"loc":{"start":{"line":43,"column":8},"end":{"line":43,"column":83}},"line":43},"5":{"name":"(anonymous_5)","decl":{"start":{"line":48,"column":17},"end":{"line":48,"column":18}},"loc":{"start":{"line":49,"column":8},"end":{"line":49,"column":71}},"line":49},"6":{"name":"(anonymous_6)","decl":{"start":{"line":54,"column":17},"end":{"line":54,"column":18}},"loc":{"start":{"line":55,"column":8},"end":{"line":55,"column":77}},"line":55}},"branchMap":{},"s":{"0":1,"1":0,"2":0,"3":0,"4":0,"5":0,"6":0,"7":0},"f":{"0":0,"1":0,"2":0,"3":0,"4":0,"5":0,"6":0},"b":{},"_coverageSchema":"332fd63041d2c1bcb487cc26dd0d5f7d97098a6c","hash":"662df11a03faeb3691fed5d208472acd750c020d"}
,"C:\\Users\\vishweshkumar\\Desktop\\App\\realworld\\nagp-conduit-clone\\src\\components\\NavBar.vue": {"path":"C:\\Users\\vishweshkumar\\Desktop\\App\\realworld\\nagp-conduit-clone\\src\\components\\NavBar.vue","statementMap":{"0":{"start":{"line":37,"column":0},"end":{"line":null,"column":-1}}},"fnMap":{},"branchMap":{},"s":{"0":4},"f":{},"b":{}}
,"C:\\Users\\vishweshkumar\\Desktop\\App\\realworld\\nagp-conduit-clone\\src\\store\\api.js": {"path":"C:\\Users\\vishweshkumar\\Desktop\\App\\realworld\\nagp-conduit-clone\\src\\store\\api.js","statementMap":{"0":{"start":{"line":3,"column":19},"end":{"line":5,"column":2}},"1":{"start":{"line":8,"column":4},"end":{"line":8,"column":67}},"2":{"start":{"line":12,"column":4},"end":{"line":12,"column":56}}},"fnMap":{"0":{"name":"setToken","decl":{"start":{"line":7,"column":16},"end":{"line":7,"column":24}},"loc":{"start":{"line":7,"column":29},"end":{"line":9,"column":1}},"line":7},"1":{"name":"clearToken","decl":{"start":{"line":11,"column":16},"end":{"line":11,"column":26}},"loc":{"start":{"line":11,"column":28},"end":{"line":13,"column":1}},"line":11}},"branchMap":{},"s":{"0":1,"1":1,"2":1},"f":{"0":1,"1":1},"b":{},"_coverageSchema":"332fd63041d2c1bcb487cc26dd0d5f7d97098a6c","hash":"05ab91e7f01ded103ac19a8b5416643a315c1978"}
,"C:\\Users\\vishweshkumar\\Desktop\\App\\realworld\\nagp-conduit-clone\\src\\store\\index.js": {"path":"C:\\Users\\vishweshkumar\\Desktop\\App\\realworld\\nagp-conduit-clone\\src\\store\\index.js","statementMap":{"0":{"start":{"line":5,"column":0},"end":{"line":5,"column":14}}},"fnMap":{},"branchMap":{},"s":{"0":1},"f":{},"b":{},"_coverageSchema":"332fd63041d2c1bcb487cc26dd0d5f7d97098a6c","hash":"25d43ce56cd5a654b66ad682461d6728b2dcb626"}
,"C:\\Users\\vishweshkumar\\Desktop\\App\\realworld\\nagp-conduit-clone\\src\\store\\modules\\users.js": {"path":"C:\\Users\\vishweshkumar\\Desktop\\App\\realworld\\nagp-conduit-clone\\src\\store\\modules\\users.js","statementMap":{"0":{"start":{"line":11,"column":12},"end":{"line":11,"column":63}},"1":{"start":{"line":16,"column":12},"end":{"line":16,"column":33}},"2":{"start":{"line":21,"column":25},"end":{"line":21,"column":47}},"3":{"start":{"line":22,"column":12},"end":{"line":22,"column":35}},"4":{"start":{"line":25,"column":12},"end":{"line":25,"column":25}},"5":{"start":{"line":26,"column":12},"end":{"line":40,"column":13}},"6":{"start":{"line":27,"column":33},"end":{"line":32,"column":18}},"7":{"start":{"line":33,"column":16},"end":{"line":36,"column":17}},"8":{"start":{"line":34,"column":20},"end":{"line":34,"column":55}},"9":{"start":{"line":35,"column":20},"end":{"line":35,"column":57}},"10":{"start":{"line":38,"column":16},"end":{"line":38,"column":33}},"11":{"start":{"line":39,"column":16},"end":{"line":39,"column":24}}},"fnMap":{"0":{"name":"(anonymous_0)","decl":{"start":{"line":20,"column":17},"end":{"line":20,"column":18}},"loc":{"start":{"line":20,"column":44},"end":{"line":23,"column":9}},"line":20},"1":{"name":"(anonymous_1)","decl":{"start":{"line":24,"column":19},"end":{"line":24,"column":20}},"loc":{"start":{"line":24,"column":60},"end":{"line":42,"column":9}},"line":24}},"branchMap":{"0":{"loc":{"start":{"line":11,"column":19},"end":{"line":11,"column":62}},"type":"binary-expr","locations":[{"start":{"line":11,"column":20},"end":{"line":11,"column":30}},{"start":{"line":11,"column":34},"end":{"line":11,"column":53}},{"start":{"line":11,"column":58},"end":{"line":11,"column":62}}],"line":11},"1":{"loc":{"start":{"line":33,"column":16},"end":{"line":36,"column":17}},"type":"if","locations":[{"start":{"line":33,"column":16},"end":{"line":36,"column":17}},{"start":{"line":33,"column":16},"end":{"line":36,"column":17}}],"line":33}},"s":{"0":2,"1":1,"2":0,"3":0,"4":1,"5":1,"6":1,"7":1,"8":1,"9":1,"10":0,"11":0},"f":{"0":0,"1":1},"b":{"0":[2,1,1],"1":[1,0]},"_coverageSchema":"332fd63041d2c1bcb487cc26dd0d5f7d97098a6c","hash":"7463ee8fce9a55d7772cceca625d5de03efd0e75"}
}
