TN:
SF:C:\Users\vishweshkumar\Desktop\App\realworld\nagp-conduit-clone\src\router.js
FN:17,(anonymous_0)
FN:23,(anonymous_1)
FN:29,(anonymous_2)
FN:36,(anonymous_3)
FN:42,(anonymous_4)
FN:48,(anonymous_5)
FN:54,(anonymous_6)
FNF:7
FNH:0
FNDA:0,(anonymous_0)
FNDA:0,(anonymous_1)
FNDA:0,(anonymous_2)
FNDA:0,(anonymous_3)
FNDA:0,(anonymous_4)
FNDA:0,(anonymous_5)
FNDA:0,(anonymous_6)
DA:5,1
DA:18,0
DA:24,0
DA:30,0
DA:37,0
DA:43,0
DA:49,0
DA:55,0
LF:8
LH:1
BRF:0
BRH:0
end_of_record
TN:
SF:C:\Users\vishweshkumar\Desktop\App\realworld\nagp-conduit-clone\src\components\NavBar.vue
FNF:0
FNH:0
DA:37,4
LF:1
LH:1
BRF:0
BRH:0
end_of_record
TN:
SF:C:\Users\vishweshkumar\Desktop\App\realworld\nagp-conduit-clone\src\store\api.js
FN:7,setToken
FN:11,clearToken
FNF:2
FNH:2
FNDA:1,setToken
FNDA:1,clearToken
DA:3,1
DA:8,1
DA:12,1
LF:3
LH:3
BRF:0
BRH:0
end_of_record
TN:
SF:C:\Users\vishweshkumar\Desktop\App\realworld\nagp-conduit-clone\src\store\index.js
FNF:0
FNH:0
DA:5,1
LF:1
LH:1
BRF:0
BRH:0
end_of_record
TN:
SF:C:\Users\vishweshkumar\Desktop\App\realworld\nagp-conduit-clone\src\store\modules\users.js
FN:20,(anonymous_0)
FN:24,(anonymous_1)
FNF:2
FNH:1
FNDA:0,(anonymous_0)
FNDA:1,(anonymous_1)
DA:11,2
DA:16,1
DA:21,0
DA:22,0
DA:25,1
DA:26,1
DA:27,1
DA:33,1
DA:34,1
DA:35,1
DA:38,0
DA:39,0
LF:12
LH:8
BRDA:11,0,0,2
BRDA:11,0,1,1
BRDA:11,0,2,1
BRDA:33,1,0,1
BRDA:33,1,1,0
BRF:5
BRH:4
end_of_record
